<?xml version="1.0" encoding="UTF-8"?>
<coverage generated="1681987078848" clover="3.2.0">
  <project timestamp="1681987078848" name="All files">
    <metrics statements="47" coveredstatements="47" conditionals="16" coveredconditionals="16" methods="13" coveredmethods="13" elements="76" coveredelements="76" complexity="0" loc="47" ncloc="47" packages="1" files="5" classes="5"/>
    <file name="analyzeArray.js" path="C:\Users\helme\Desktop\WebDev\StudyFolder\Learning-UnitTesting\src\analyzeArray.js">
      <metrics statements="12" coveredstatements="12" conditionals="4" coveredconditionals="4" methods="2" coveredmethods="2"/>
      <line num="2" count="2" type="stmt"/>
      <line num="3" count="2" type="stmt"/>
      <line num="4" count="2" type="stmt"/>
      <line num="5" count="2" type="stmt"/>
      <line num="6" count="2" type="stmt"/>
      <line num="8" count="2" type="stmt"/>
      <line num="9" count="14" type="cond" truecount="2" falsecount="0"/>
      <line num="10" count="14" type="cond" truecount="2" falsecount="0"/>
      <line num="11" count="14" type="stmt"/>
      <line num="14" count="2" type="stmt"/>
      <line num="16" count="2" type="stmt"/>
      <line num="24" count="1" type="stmt"/>
    </file>
    <file name="caeaserCipher.js" path="C:\Users\helme\Desktop\WebDev\StudyFolder\Learning-UnitTesting\src\caeaserCipher.js">
      <metrics statements="23" coveredstatements="23" conditionals="12" coveredconditionals="12" methods="4" coveredmethods="4"/>
      <line num="1" count="1" type="stmt"/>
      <line num="30" count="1" type="stmt"/>
      <line num="60" count="4" type="stmt"/>
      <line num="61" count="4" type="stmt"/>
      <line num="62" count="4" type="stmt"/>
      <line num="63" count="4" type="stmt"/>
      <line num="64" count="4" type="stmt"/>
      <line num="65" count="4" type="stmt"/>
      <line num="67" count="4" type="stmt"/>
      <line num="69" count="82" type="cond" truecount="2" falsecount="0"/>
      <line num="70" count="1" type="stmt"/>
      <line num="72" count="81" type="cond" truecount="2" falsecount="0"/>
      <line num="73" count="6" type="stmt"/>
      <line num="75" count="81" type="stmt"/>
      <line num="76" count="81" type="cond" truecount="2" falsecount="0"/>
      <line num="79" count="82" type="cond" truecount="2" falsecount="0"/>
      <line num="81" count="4" type="stmt"/>
      <line num="82" count="82" type="cond" truecount="4" falsecount="0"/>
      <line num="83" count="18" type="stmt"/>
      <line num="85" count="64" type="stmt"/>
      <line num="89" count="4" type="stmt"/>
      <line num="90" count="6" type="stmt"/>
      <line num="92" count="4" type="stmt"/>
    </file>
    <file name="calculator.js" path="C:\Users\helme\Desktop\WebDev\StudyFolder\Learning-UnitTesting\src\calculator.js">
      <metrics statements="6" coveredstatements="6" conditionals="0" coveredconditionals="0" methods="5" coveredmethods="5"/>
      <line num="3" count="1" type="stmt"/>
      <line num="4" count="1" type="stmt"/>
      <line num="8" count="1" type="stmt"/>
      <line num="12" count="1" type="stmt"/>
      <line num="16" count="1" type="stmt"/>
      <line num="20" count="1" type="stmt"/>
    </file>
    <file name="capitalize.js" path="C:\Users\helme\Desktop\WebDev\StudyFolder\Learning-UnitTesting\src\capitalize.js">
      <metrics statements="1" coveredstatements="1" conditionals="0" coveredconditionals="0" methods="1" coveredmethods="1"/>
      <line num="2" count="1" type="stmt"/>
    </file>
    <file name="reverseString.js" path="C:\Users\helme\Desktop\WebDev\StudyFolder\Learning-UnitTesting\src\reverseString.js">
      <metrics statements="5" coveredstatements="5" conditionals="0" coveredconditionals="0" methods="1" coveredmethods="1"/>
      <line num="2" count="1" type="stmt"/>
      <line num="3" count="1" type="stmt"/>
      <line num="5" count="1" type="stmt"/>
      <line num="6" count="6" type="stmt"/>
      <line num="9" count="1" type="stmt"/>
    </file>
  </project>
</coverage>
