{"C:\\Users\\helme\\Desktop\\WebDev\\StudyFolder\\Learning-UnitTesting\\src\\analyzeArray.js": {"path":"C:\\Users\\helme\\Desktop\\WebDev\\StudyFolder\\Learning-UnitTesting\\src\\analyzeArray.js","statementMap":{"0":{"start":{"line":2,"column":14},"end":{"line":2,"column":17}},"1":{"start":{"line":3,"column":12},"end":{"line":3,"column":13}},"2":{"start":{"line":4,"column":12},"end":{"line":4,"column":18}},"3":{"start":{"line":5,"column":12},"end":{"line":5,"column":13}},"4":{"start":{"line":6,"column":17},"end":{"line":6,"column":27}},"5":{"start":{"line":8,"column":2},"end":{"line":12,"column":5}},"6":{"start":{"line":9,"column":4},"end":{"line":9,"column":33}},"7":{"start":{"line":9,"column":21},"end":{"line":9,"column":33}},"8":{"start":{"line":10,"column":4},"end":{"line":10,"column":33}},"9":{"start":{"line":10,"column":21},"end":{"line":10,"column":33}},"10":{"start":{"line":11,"column":4},"end":{"line":11,"column":17}},"11":{"start":{"line":14,"column":18},"end":{"line":14,"column":42}},"12":{"start":{"line":16,"column":2},"end":{"line":21,"column":4}},"13":{"start":{"line":24,"column":0},"end":{"line":24,"column":50}}},"fnMap":{"0":{"name":"analyzeArray","decl":{"start":{"line":1,"column":24},"end":{"line":1,"column":36}},"loc":{"start":{"line":1,"column":42},"end":{"line":22,"column":1}},"line":1},"1":{"name":"(anonymous_1)","decl":{"start":{"line":8,"column":16},"end":{"line":8,"column":17}},"loc":{"start":{"line":8,"column":27},"end":{"line":12,"column":3}},"line":8}},"branchMap":{"0":{"loc":{"start":{"line":9,"column":4},"end":{"line":9,"column":33}},"type":"if","locations":[{"start":{"line":9,"column":4},"end":{"line":9,"column":33}},{"start":{},"end":{}}],"line":9},"1":{"loc":{"start":{"line":10,"column":4},"end":{"line":10,"column":33}},"type":"if","locations":[{"start":{"line":10,"column":4},"end":{"line":10,"column":33}},{"start":{},"end":{}}],"line":10}},"s":{"0":2,"1":2,"2":2,"3":2,"4":2,"5":2,"6":14,"7":6,"8":14,"9":2,"10":14,"11":2,"12":2,"13":1},"f":{"0":2,"1":14},"b":{"0":[6,8],"1":[2,12]},"_coverageSchema":"1a1c01bbd47fc00a2c39e90264f33305004495a9","hash":"be3cd1f8af5d8e125112d198d45799c64bd0c032"}
,"C:\\Users\\helme\\Desktop\\WebDev\\StudyFolder\\Learning-UnitTesting\\src\\caeaserCipher.js": {"path":"C:\\Users\\helme\\Desktop\\WebDev\\StudyFolder\\Learning-UnitTesting\\src\\caeaserCipher.js","statementMap":{"0":{"start":{"line":1,"column":20},"end":{"line":28,"column":1}},"1":{"start":{"line":30,"column":22},"end":{"line":57,"column":1}},"2":{"start":{"line":60,"column":20},"end":{"line":60,"column":22}},"3":{"start":{"line":61,"column":19},"end":{"line":61,"column":32}},"4":{"start":{"line":62,"column":19},"end":{"line":62,"column":21}},"5":{"start":{"line":63,"column":27},"end":{"line":63,"column":57}},"6":{"start":{"line":64,"column":25},"end":{"line":64,"column":32}},"7":{"start":{"line":65,"column":24},"end":{"line":65,"column":26}},"8":{"start":{"line":67,"column":2},"end":{"line":80,"column":5}},"9":{"start":{"line":69,"column":4},"end":{"line":77,"column":5}},"10":{"start":{"line":70,"column":6},"end":{"line":70,"column":17}},"11":{"start":{"line":72,"column":6},"end":{"line":74,"column":7}},"12":{"start":{"line":73,"column":8},"end":{"line":73,"column":30}},"13":{"start":{"line":75,"column":6},"end":{"line":75,"column":30}},"14":{"start":{"line":76,"column":6},"end":{"line":76,"column":79}},"15":{"start":{"line":79,"column":4},"end":{"line":79,"column":59}},"16":{"start":{"line":81,"column":2},"end":{"line":87,"column":5}},"17":{"start":{"line":82,"column":4},"end":{"line":86,"column":5}},"18":{"start":{"line":83,"column":6},"end":{"line":83,"column":32}},"19":{"start":{"line":85,"column":6},"end":{"line":85,"column":47}},"20":{"start":{"line":89,"column":2},"end":{"line":91,"column":5}},"21":{"start":{"line":90,"column":4},"end":{"line":90,"column":58}},"22":{"start":{"line":92,"column":2},"end":{"line":92,"column":32}}},"fnMap":{"0":{"name":"ceaserCypher","decl":{"start":{"line":59,"column":24},"end":{"line":59,"column":36}},"loc":{"start":{"line":59,"column":42},"end":{"line":93,"column":1}},"line":59},"1":{"name":"(anonymous_1)","decl":{"start":{"line":67,"column":19},"end":{"line":67,"column":20}},"loc":{"start":{"line":67,"column":35},"end":{"line":80,"column":3}},"line":67},"2":{"name":"(anonymous_2)","decl":{"start":{"line":81,"column":19},"end":{"line":81,"column":20}},"loc":{"start":{"line":81,"column":37},"end":{"line":87,"column":3}},"line":81},"3":{"name":"(anonymous_3)","decl":{"start":{"line":89,"column":20},"end":{"line":89,"column":21}},"loc":{"start":{"line":89,"column":29},"end":{"line":91,"column":3}},"line":89}},"branchMap":{"0":{"loc":{"start":{"line":69,"column":4},"end":{"line":77,"column":5}},"type":"if","locations":[{"start":{"line":69,"column":4},"end":{"line":77,"column":5}},{"start":{"line":71,"column":11},"end":{"line":77,"column":5}}],"line":69},"1":{"loc":{"start":{"line":72,"column":6},"end":{"line":74,"column":7}},"type":"if","locations":[{"start":{"line":72,"column":6},"end":{"line":74,"column":7}},{"start":{},"end":{}}],"line":72},"2":{"loc":{"start":{"line":76,"column":13},"end":{"line":76,"column":78}},"type":"cond-expr","locations":[{"start":{"line":76,"column":39},"end":{"line":76,"column":55}},{"start":{"line":76,"column":58},"end":{"line":76,"column":78}}],"line":76},"3":{"loc":{"start":{"line":79,"column":4},"end":{"line":79,"column":58}},"type":"cond-expr","locations":[{"start":{"line":79,"column":18},"end":{"line":79,"column":36}},{"start":{"line":79,"column":39},"end":{"line":79,"column":58}}],"line":79},"4":{"loc":{"start":{"line":82,"column":4},"end":{"line":86,"column":5}},"type":"if","locations":[{"start":{"line":82,"column":4},"end":{"line":86,"column":5}},{"start":{"line":84,"column":11},"end":{"line":86,"column":5}}],"line":82},"5":{"loc":{"start":{"line":82,"column":8},"end":{"line":82,"column":65}},"type":"binary-expr","locations":[{"start":{"line":82,"column":8},"end":{"line":82,"column":36}},{"start":{"line":82,"column":40},"end":{"line":82,"column":65}}],"line":82}},"s":{"0":1,"1":1,"2":4,"3":4,"4":4,"5":4,"6":4,"7":4,"8":4,"9":82,"10":1,"11":81,"12":6,"13":81,"14":81,"15":82,"16":4,"17":82,"18":18,"19":64,"20":4,"21":6,"22":4},"f":{"0":4,"1":82,"2":82,"3":6},"b":{"0":[1,81],"1":[6,75],"2":[1,80],"3":[18,64],"4":[18,64],"5":[82,81]},"_coverageSchema":"1a1c01bbd47fc00a2c39e90264f33305004495a9","hash":"306c82825faae55185e612c1c4bdaeb31ebde99d"}
,"C:\\Users\\helme\\Desktop\\WebDev\\StudyFolder\\Learning-UnitTesting\\src\\calculator.js": {"path":"C:\\Users\\helme\\Desktop\\WebDev\\StudyFolder\\Learning-UnitTesting\\src\\calculator.js","statementMap":{"0":{"start":{"line":3,"column":4},"end":{"line":3,"column":15}},"1":{"start":{"line":4,"column":4},"end":{"line":4,"column":15}},"2":{"start":{"line":8,"column":4},"end":{"line":8,"column":27}},"3":{"start":{"line":12,"column":4},"end":{"line":12,"column":27}},"4":{"start":{"line":16,"column":4},"end":{"line":16,"column":27}},"5":{"start":{"line":20,"column":4},"end":{"line":20,"column":27}}},"fnMap":{"0":{"name":"(anonymous_0)","decl":{"start":{"line":2,"column":2},"end":{"line":2,"column":3}},"loc":{"start":{"line":2,"column":20},"end":{"line":5,"column":3}},"line":2},"1":{"name":"(anonymous_1)","decl":{"start":{"line":7,"column":2},"end":{"line":7,"column":3}},"loc":{"start":{"line":7,"column":12},"end":{"line":9,"column":3}},"line":7},"2":{"name":"(anonymous_2)","decl":{"start":{"line":11,"column":2},"end":{"line":11,"column":3}},"loc":{"start":{"line":11,"column":17},"end":{"line":13,"column":3}},"line":11},"3":{"name":"(anonymous_3)","decl":{"start":{"line":15,"column":2},"end":{"line":15,"column":3}},"loc":{"start":{"line":15,"column":17},"end":{"line":17,"column":3}},"line":15},"4":{"name":"(anonymous_4)","decl":{"start":{"line":19,"column":2},"end":{"line":19,"column":3}},"loc":{"start":{"line":19,"column":13},"end":{"line":21,"column":3}},"line":19}},"branchMap":{},"s":{"0":1,"1":1,"2":1,"3":1,"4":1,"5":1},"f":{"0":1,"1":1,"2":1,"3":1,"4":1},"b":{},"_coverageSchema":"1a1c01bbd47fc00a2c39e90264f33305004495a9","hash":"91b008e89bd173dbdbdc7d9765baa31830e27b08"}
,"C:\\Users\\helme\\Desktop\\WebDev\\StudyFolder\\Learning-UnitTesting\\src\\capitalize.js": {"path":"C:\\Users\\helme\\Desktop\\WebDev\\StudyFolder\\Learning-UnitTesting\\src\\capitalize.js","statementMap":{"0":{"start":{"line":2,"column":2},"end":{"line":2,"column":27}}},"fnMap":{"0":{"name":"capitalize","decl":{"start":{"line":1,"column":24},"end":{"line":1,"column":34}},"loc":{"start":{"line":1,"column":40},"end":{"line":3,"column":1}},"line":1}},"branchMap":{},"s":{"0":1},"f":{"0":1},"b":{},"_coverageSchema":"1a1c01bbd47fc00a2c39e90264f33305004495a9","hash":"25aaee2d07c586394fa06486c68f87ff17dca3ca"}
,"C:\\Users\\helme\\Desktop\\WebDev\\StudyFolder\\Learning-UnitTesting\\src\\reverseString.js": {"path":"C:\\Users\\helme\\Desktop\\WebDev\\StudyFolder\\Learning-UnitTesting\\src\\reverseString.js","statementMap":{"0":{"start":{"line":2,"column":20},"end":{"line":2,"column":33}},"1":{"start":{"line":3,"column":22},"end":{"line":3,"column":24}},"2":{"start":{"line":5,"column":2},"end":{"line":7,"column":3}},"3":{"start":{"line":5,"column":15},"end":{"line":5,"column":37}},"4":{"start":{"line":6,"column":4},"end":{"line":6,"column":57}},"5":{"start":{"line":9,"column":2},"end":{"line":9,"column":23}}},"fnMap":{"0":{"name":"reverseString","decl":{"start":{"line":1,"column":24},"end":{"line":1,"column":37}},"loc":{"start":{"line":1,"column":43},"end":{"line":10,"column":1}},"line":1}},"branchMap":{},"s":{"0":1,"1":1,"2":1,"3":1,"4":6,"5":1},"f":{"0":1},"b":{},"_coverageSchema":"1a1c01bbd47fc00a2c39e90264f33305004495a9","hash":"5e3e4582e77d9786aa083169729e464aab8d10f5"}
}
