TN:
SF:src\analyzeArray.js
FN:1,analyzeArray
FN:8,(anonymous_1)
FNF:2
FNH:2
FNDA:2,analyzeArray
FNDA:14,(anonymous_1)
DA:2,2
DA:3,2
DA:4,2
DA:5,2
DA:6,2
DA:8,2
DA:9,14
DA:10,14
DA:11,14
DA:14,2
DA:16,2
DA:24,1
LF:12
LH:12
BRDA:9,0,0,6
BRDA:9,0,1,8
BRDA:10,1,0,2
BRDA:10,1,1,12
BRF:4
BRH:4
end_of_record
TN:
SF:src\caeaserCipher.js
FN:59,ceaserCypher
FN:67,(anonymous_1)
FN:81,(anonymous_2)
FN:89,(anonymous_3)
FNF:4
FNH:4
FNDA:4,ceaserCypher
FNDA:82,(anonymous_1)
FNDA:82,(anonymous_2)
FNDA:6,(anonymous_3)
DA:1,1
DA:30,1
DA:60,4
DA:61,4
DA:62,4
DA:63,4
DA:64,4
DA:65,4
DA:67,4
DA:69,82
DA:70,1
DA:72,81
DA:73,6
DA:75,81
DA:76,81
DA:79,82
DA:81,4
DA:82,82
DA:83,18
DA:85,64
DA:89,4
DA:90,6
DA:92,4
LF:23
LH:23
BRDA:69,0,0,1
BRDA:69,0,1,81
BRDA:72,1,0,6
BRDA:72,1,1,75
BRDA:76,2,0,1
BRDA:76,2,1,80
BRDA:79,3,0,18
BRDA:79,3,1,64
BRDA:82,4,0,18
BRDA:82,4,1,64
BRDA:82,5,0,82
BRDA:82,5,1,81
BRF:12
BRH:12
end_of_record
TN:
SF:src\calculator.js
FN:2,(anonymous_0)
FN:7,(anonymous_1)
FN:11,(anonymous_2)
FN:15,(anonymous_3)
FN:19,(anonymous_4)
FNF:5
FNH:5
FNDA:1,(anonymous_0)
FNDA:1,(anonymous_1)
FNDA:1,(anonymous_2)
FNDA:1,(anonymous_3)
FNDA:1,(anonymous_4)
DA:3,1
DA:4,1
DA:8,1
DA:12,1
DA:16,1
DA:20,1
LF:6
LH:6
BRF:0
BRH:0
end_of_record
TN:
SF:src\capitalize.js
FN:1,capitalize
FNF:1
FNH:1
FNDA:1,capitalize
DA:2,1
LF:1
LH:1
BRF:0
BRH:0
end_of_record
TN:
SF:src\reverseString.js
FN:1,reverseString
FNF:1
FNH:1
FNDA:1,reverseString
DA:2,1
DA:3,1
DA:5,1
DA:6,6
DA:9,1
LF:5
LH:5
BRF:0
BRH:0
end_of_record
